#
# There is insufficient memory for the Java Runtime Environment to continue.
# Native memory allocation (malloc) failed to allocate 32744 bytes for ChunkPool::allocate
# Possible reasons:
#   The system is out of physical RAM or swap space
#   The process is running with CompressedOops enabled, and the Java Heap may be blocking the growth of the native heap
# Possible solutions:
#   Reduce memory load on the system
#   Increase physical memory or swap space
#   Check if swap backing store is full
#   Decrease Java heap size (-Xmx/-Xms)
#   Decrease number of Java threads
#   Decrease Java thread stack sizes (-Xss)
#   Set larger code cache with -XX:ReservedCodeCacheSize=
#   JVM is running with Unscaled Compressed Oops mode in which the Java heap is
#     placed in the first 4GB address space. The Java Heap base address is the
#     maximum limit for the native heap growth. Please use -XX:HeapBaseMinAddress
#     to set the Java Heap base and to place the Java Heap above 4GB virtual address.
# This output file may be truncated or incomplete.
#
#  Out of Memory Error (./open/src/hotspot/share/memory/arena.cpp:81), pid=15544, tid=17048
#
# JRE version: Java(TM) SE Runtime Environment 18.9 (11.0.8+10) (build 11.0.8+10-LTS)
# Java VM: Java HotSpot(TM) 64-Bit Server VM 18.9 (11.0.8+10-LTS, mixed mode, tiered, compressed oops, g1 gc, windows-amd64)
# No core dump will be written. Minidumps are not enabled by default on client versions of Windows
#

---------------  S U M M A R Y ------------

Command Line: -javaagent:C:\Program Files\JetBrains\IntelliJ IDEA Community Edition 2020.3.1\lib\idea_rt.jar=63711:C:\Program Files\JetBrains\IntelliJ IDEA Community Edition 2020.3.1\bin -Dfile.encoding=UTF-8 study.store.StorePJ.StorePjApplication

Host: Intel(R) Core(TM) i5-8250U CPU @ 1.60GHz, 8 cores, 7G,  Windows 10 , 64 bit Build 18362 (10.0.18362.1316)
Time: Wed Jan 20 23:35:31 2021 ¥ì¥ìAi C¡ÍA¨ª¨öA elapsed time: 4 seconds (0d 0h 0m 4s)

---------------  T H R E A D  ---------------

Current thread (0x000001bb740ed800):  JavaThread "C2 CompilerThread0" daemon [_thread_in_native, id=17048, stack(0x000000909bd00000,0x000000909be00000)]


Current CompileTask:
C2:   4327 3067       4       org.springframework.beans.factory.support.AbstractBeanFactory::isTypeMatch (607 bytes)

Stack: [0x000000909bd00000,0x000000909be00000]
Native frames: (J=compiled Java code, j=interpreted, Vv=VM code, C=native code)
V  [jvm.dll+0x601aea]
V  [jvm.dll+0x737fef]
V  [jvm.dll+0x739675]
V  [jvm.dll+0x739cf3]
V  [jvm.dll+0x242848]
V  [jvm.dll+0xb9bcb]
V  [jvm.dll+0xb9f2c]
V  [jvm.dll+0x5986a3]
V  [jvm.dll+0x598ea5]
V  [jvm.dll+0x597bfe]
V  [jvm.dll+0x1fc187]
V  [jvm.dll+0x1fb49f]
V  [jvm.dll+0x17e0fc]
V  [jvm.dll+0x20aaa4]
V  [jvm.dll+0x208b7b]
V  [jvm.dll+0x6ff90c]
V  [jvm.dll+0x6f845c]
V  [jvm.dll+0x600d66]
C  [ucrtbase.dll+0x210b2]
C  [KERNEL32.DLL+0x17c24]
C  [ntdll.dll+0x6d4d1]


---------------  P R O C E S S  ---------------

Threads class SMR info:
_java_thread_list=0x000001bb75cc9190, length=12, elements={
0x000001bb52bb6800, 0x000001bb737bc000, 0x000001bb737e8000, 0x000001bb740e9000,
0x000001bb740ec000, 0x000001bb740ed800, 0x000001bb740f4800, 0x000001bb740f6000,
0x000001bb74273000, 0x000001bb743a9000, 0x000001bb746d0000, 0x000001bb749ae800
}

Java Threads: ( => current thread )
  0x000001bb52bb6800 JavaThread "main" [_thread_in_native, id=12672, stack(0x000000909b200000,0x000000909b300000)]
  0x000001bb737bc000 JavaThread "Reference Handler" daemon [_thread_blocked, id=5488, stack(0x000000909b900000,0x000000909ba00000)]
  0x000001bb737e8000 JavaThread "Finalizer" daemon [_thread_blocked, id=15864, stack(0x000000909ba00000,0x000000909bb00000)]
  0x000001bb740e9000 JavaThread "Signal Dispatcher" daemon [_thread_blocked, id=14460, stack(0x000000909bb00000,0x000000909bc00000)]
  0x000001bb740ec000 JavaThread "Attach Listener" daemon [_thread_blocked, id=17760, stack(0x000000909bc00000,0x000000909bd00000)]
=>0x000001bb740ed800 JavaThread "C2 CompilerThread0" daemon [_thread_in_native, id=17048, stack(0x000000909bd00000,0x000000909be00000)]
  0x000001bb740f4800 JavaThread "C1 CompilerThread0" daemon [_thread_blocked, id=15312, stack(0x000000909be00000,0x000000909bf00000)]
  0x000001bb740f6000 JavaThread "Sweeper thread" daemon [_thread_blocked, id=17996, stack(0x000000909bf00000,0x000000909c000000)]
  0x000001bb74273000 JavaThread "Common-Cleaner" daemon [_thread_blocked, id=17176, stack(0x000000909c000000,0x000000909c100000)]
  0x000001bb743a9000 JavaThread "Monitor Ctrl-Break" daemon [_thread_in_native, id=18272, stack(0x000000909c100000,0x000000909c200000)]
  0x000001bb746d0000 JavaThread "Service Thread" daemon [_thread_blocked, id=7076, stack(0x000000909c200000,0x000000909c300000)]
  0x000001bb749ae800 JavaThread "C2 CompilerThread1" daemon [_thread_in_native, id=16416, stack(0x000000909c400000,0x000000909c500000)]

Other Threads:
  0x000001bb737b9800 VMThread "VM Thread" [stack: 0x000000909b800000,0x000000909b900000] [id=13660]
  0x000001bb74803000 WatcherThread [stack: 0x000000909c300000,0x000000909c400000] [id=11364]
  0x000001bb52bca800 GCTaskThread "GC Thread#0" [stack: 0x000000909b300000,0x000000909b400000] [id=17276]
  0x000001bb75496800 GCTaskThread "GC Thread#1" [stack: 0x000000909c500000,0x000000909c600000] [id=13240]
  0x000001bb75085800 GCTaskThread "GC Thread#2" [stack: 0x000000909c600000,0x000000909c700000] [id=18136]
  0x000001bb75ec4000 GCTaskThread "GC Thread#3" [stack: 0x000000909c800000,0x000000909c900000] [id=2044]
  0x000001bb52bfd000 ConcurrentGCThread "G1 Main Marker" [stack: 0x000000909b400000,0x000000909b500000] [id=15500]
  0x000001bb52c00800 ConcurrentGCThread "G1 Conc#0" [stack: 0x000000909b500000,0x000000909b600000] [id=13156]
  0x000001bb7597a800 ConcurrentGCThread "G1 Conc#1" [stack: 0x000000909c900000,0x000000909ca00000] [id=16848]
  0x000001bb73622800 ConcurrentGCThread "G1 Refine#0" [stack: 0x000000909b600000,0x000000909b700000] [id=17440]
  0x000001bb73623800 ConcurrentGCThread "G1 Young RemSet Sampling" [stack: 0x000000909b700000,0x000000909b800000] [id=13292]

Threads with active compile tasks:
C2 CompilerThread0   4393 3067       4       org.springframework.beans.factory.support.AbstractBeanFactory::isTypeMatch (607 bytes)
C2 CompilerThread1   4393 3011   !   4       jdk.internal.loader.BuiltinClassLoader::loadClassOrNull (143 bytes)

VM state:not at safepoint (normal execution)

VM Mutex/Monitor currently owned by a thread: None

Heap address: 0x0000000082600000, size: 2010 MB, Compressed Oops mode: 32-bit
Narrow klass base: 0x0000000000000000, Narrow klass shift: 3
Compressed class space size: 1073741824 Address: 0x0000000100000000

Heap:
 garbage-first heap   total 129024K, used 49762K [0x0000000082600000, 0x0000000100000000)
  region size 1024K, 43 young (44032K), 4 survivors (4096K)
 Metaspace       used 32305K, capacity 33250K, committed 33408K, reserved 1079296K
  class space    used 3769K, capacity 4185K, committed 4224K, reserved 1048576K
Heap Regions: E=young(eden), S=young(survivor), O=old, HS=humongous(starts), HC=humongous(continues), CS=collection set, F=free, A=archive, TAMS=top-at-mark-start (previous, next)
|   0|0x0000000082600000, 0x0000000082700000, 0x0000000082700000|100%|HS|  |TAMS 0x0000000082700000, 0x0000000082600000| Complete 
|   1|0x0000000082700000, 0x0000000082800000, 0x0000000082800000|100%| O|  |TAMS 0x0000000082800000, 0x0000000082700000| Untracked 
|   2|0x0000000082800000, 0x0000000082900000, 0x0000000082900000|100%| O|  |TAMS 0x0000000082900000, 0x0000000082800000| Untracked 
|   3|0x0000000082900000, 0x0000000082a00000, 0x0000000082a00000|100%| O|  |TAMS 0x00000000829ae400, 0x0000000082900000| Untracked 
|   4|0x0000000082a00000, 0x0000000082b00000, 0x0000000082b00000|100%| O|  |TAMS 0x0000000082a00000, 0x0000000082a00000| Untracked 
|   5|0x0000000082b00000, 0x0000000082c00000, 0x0000000082c00000|100%| O|  |TAMS 0x0000000082b00000, 0x0000000082b00000| Untracked 
|   6|0x0000000082c00000, 0x0000000082c9d200, 0x0000000082d00000| 61%| O|  |TAMS 0x0000000082c00000, 0x0000000082c00000| Untracked 
|   7|0x0000000082d00000, 0x0000000082d00000, 0x0000000082e00000|  0%| F|  |TAMS 0x0000000082d00000, 0x0000000082d00000| Untracked 
|   8|0x0000000082e00000, 0x0000000082e00000, 0x0000000082f00000|  0%| F|  |TAMS 0x0000000082e00000, 0x0000000082e00000| Untracked 
|   9|0x0000000082f00000, 0x0000000082f00000, 0x0000000083000000|  0%| F|  |TAMS 0x0000000082f00000, 0x0000000082f00000| Untracked 
|  10|0x0000000083000000, 0x0000000083000000, 0x0000000083100000|  0%| F|  |TAMS 0x0000000083000000, 0x0000000083000000| Untracked 
|  11|0x0000000083100000, 0x0000000083100000, 0x0000000083200000|  0%| F|  |TAMS 0x0000000083100000, 0x0000000083100000| Untracked 
|  12|0x0000000083200000, 0x0000000083200000, 0x0000000083300000|  0%| F|  |TAMS 0x0000000083200000, 0x0000000083200000| Untracked 
|  13|0x0000000083300000, 0x0000000083300000, 0x0000000083400000|  0%| F|  |TAMS 0x0000000083300000, 0x0000000083300000| Untracked 
|  14|0x0000000083400000, 0x0000000083400000, 0x0000000083500000|  0%| F|  |TAMS 0x0000000083400000, 0x0000000083400000| Untracked 
|  15|0x0000000083500000, 0x0000000083500000, 0x0000000083600000|  0%| F|  |TAMS 0x0000000083500000, 0x0000000083500000| Untracked 
|  16|0x0000000083600000, 0x0000000083600000, 0x0000000083700000|  0%| F|  |TAMS 0x0000000083600000, 0x0000000083600000| Untracked 
|  17|0x0000000083700000, 0x0000000083700000, 0x0000000083800000|  0%| F|  |TAMS 0x0000000083700000, 0x0000000083700000| Untracked 
|  18|0x0000000083800000, 0x0000000083800000, 0x0000000083900000|  0%| F|  |TAMS 0x0000000083800000, 0x0000000083800000| Untracked 
|  19|0x0000000083900000, 0x0000000083900000, 0x0000000083a00000|  0%| F|  |TAMS 0x0000000083900000, 0x0000000083900000| Untracked 
|  20|0x0000000083a00000, 0x0000000083a00000, 0x0000000083b00000|  0%| F|  |TAMS 0x0000000083a00000, 0x0000000083a00000| Untracked 
|  21|0x0000000083b00000, 0x0000000083b00000, 0x0000000083c00000|  0%| F|  |TAMS 0x0000000083b00000, 0x0000000083b00000| Untracked 
|  22|0x0000000083c00000, 0x0000000083c00000, 0x0000000083d00000|  0%| F|  |TAMS 0x0000000083c00000, 0x0000000083c00000| Untracked 
|  23|0x0000000083d00000, 0x0000000083d00000, 0x0000000083e00000|  0%| F|  |TAMS 0x0000000083d00000, 0x0000000083d00000| Untracked 
|  24|0x0000000083e00000, 0x0000000083e00000, 0x0000000083f00000|  0%| F|  |TAMS 0x0000000083e00000, 0x0000000083e00000| Untracked 
|  25|0x0000000083f00000, 0x0000000083f00000, 0x0000000084000000|  0%| F|  |TAMS 0x0000000083f00000, 0x0000000083f00000| Untracked 
|  26|0x0000000084000000, 0x0000000084000000, 0x0000000084100000|  0%| F|  |TAMS 0x0000000084000000, 0x0000000084000000| Untracked 
|  27|0x0000000084100000, 0x0000000084100000, 0x0000000084200000|  0%| F|  |TAMS 0x0000000084100000, 0x0000000084100000| Untracked 
|  28|0x0000000084200000, 0x0000000084200000, 0x0000000084300000|  0%| F|  |TAMS 0x0000000084200000, 0x0000000084200000| Untracked 
|  29|0x0000000084300000, 0x0000000084300000, 0x0000000084400000|  0%| F|  |TAMS 0x0000000084300000, 0x0000000084300000| Untracked 
|  30|0x0000000084400000, 0x0000000084400000, 0x0000000084500000|  0%| F|  |TAMS 0x0000000084400000, 0x0000000084400000| Untracked 
|  31|0x0000000084500000, 0x0000000084500000, 0x0000000084600000|  0%| F|  |TAMS 0x0000000084500000, 0x0000000084500000| Untracked 
|  32|0x0000000084600000, 0x0000000084600000, 0x0000000084700000|  0%| F|  |TAMS 0x0000000084600000, 0x0000000084600000| Untracked 
|  33|0x0000000084700000, 0x0000000084700000, 0x0000000084800000|  0%| F|  |TAMS 0x0000000084700000, 0x0000000084700000| Untracked 
|  34|0x0000000084800000, 0x0000000084800000, 0x0000000084900000|  0%| F|  |TAMS 0x0000000084800000, 0x0000000084800000| Untracked 
|  35|0x0000000084900000, 0x0000000084900000, 0x0000000084a00000|  0%| F|  |TAMS 0x0000000084900000, 0x0000000084900000| Untracked 
|  36|0x0000000084a00000, 0x0000000084a00000, 0x0000000084b00000|  0%| F|  |TAMS 0x0000000084a00000, 0x0000000084a00000| Untracked 
|  37|0x0000000084b00000, 0x0000000084b00000, 0x0000000084c00000|  0%| F|  |TAMS 0x0000000084b00000, 0x0000000084b00000| Untracked 
|  38|0x0000000084c00000, 0x0000000084c00000, 0x0000000084d00000|  0%| F|  |TAMS 0x0000000084c00000, 0x0000000084c00000| Untracked 
|  39|0x0000000084d00000, 0x0000000084d00000, 0x0000000084e00000|  0%| F|  |TAMS 0x0000000084d00000, 0x0000000084d00000| Untracked 
|  40|0x0000000084e00000, 0x0000000084e00000, 0x0000000084f00000|  0%| F|  |TAMS 0x0000000084e00000, 0x0000000084e00000| Untracked 
|  41|0x0000000084f00000, 0x0000000084f00000, 0x0000000085000000|  0%| F|  |TAMS 0x0000000084f00000, 0x0000000084f00000| Untracked 
|  42|0x0000000085000000, 0x0000000085000000, 0x0000000085100000|  0%| F|  |TAMS 0x0000000085000000, 0x0000000085000000| Untracked 
|  43|0x0000000085100000, 0x0000000085100000, 0x0000000085200000|  0%| F|  |TAMS 0x0000000085100000, 0x0000000085100000| Untracked 
|  44|0x0000000085200000, 0x0000000085200000, 0x0000000085300000|  0%| F|  |TAMS 0x0000000085200000, 0x0000000085200000| Untracked 
|  45|0x0000000085300000, 0x0000000085300000, 0x0000000085400000|  0%| F|  |TAMS 0x0000000085300000, 0x0000000085300000| Untracked 
|  46|0x0000000085400000, 0x0000000085400000, 0x0000000085500000|  0%| F|  |TAMS 0x0000000085400000, 0x0000000085400000| Untracked 
|  47|0x0000000085500000, 0x0000000085500000, 0x0000000085600000|  0%| F|  |TAMS 0x0000000085500000, 0x0000000085500000| Untracked 
|  48|0x0000000085600000, 0x0000000085600000, 0x0000000085700000|  0%| F|  |TAMS 0x0000000085600000, 0x0000000085600000| Untracked 
|  49|0x0000000085700000, 0x0000000085700000, 0x0000000085800000|  0%| F|  |TAMS 0x0000000085700000, 0x0000000085700000| Untracked 
|  50|0x0000000085800000, 0x0000000085800000, 0x0000000085900000|  0%| F|  |TAMS 0x0000000085800000, 0x0000000085800000| Untracked 
|  51|0x0000000085900000, 0x0000000085900000, 0x0000000085a00000|  0%| F|  |TAMS 0x0000000085900000, 0x0000000085900000| Untracked 
|  52|0x0000000085a00000, 0x0000000085a00000, 0x0000000085b00000|  0%| F|  |TAMS 0x0000000085a00000, 0x0000000085a00000| Untracked 
|  53|0x0000000085b00000, 0x0000000085b00000, 0x0000000085c00000|  0%| F|  |TAMS 0x0000000085b00000, 0x0000000085b00000| Untracked 
|  54|0x0000000085c00000, 0x0000000085c00000, 0x0000000085d00000|  0%| F|  |TAMS 0x0000000085c00000, 0x0000000085c00000| Untracked 
|  55|0x0000000085d00000, 0x0000000085d00000, 0x0000000085e00000|  0%| F|  |TAMS 0x0000000085d00000, 0x0000000085d00000| Untracked 
|  56|0x0000000085e00000, 0x0000000085e00000, 0x0000000085f00000|  0%| F|  |TAMS 0x0000000085e00000, 0x0000000085e00000| Untracked 
|  57|0x0000000085f00000, 0x0000000085f00000, 0x0000000086000000|  0%| F|  |TAMS 0x0000000085f00000, 0x0000000085f00000| Untracked 
|  58|0x0000000086000000, 0x0000000086000000, 0x0000000086100000|  0%| F|  |TAMS 0x0000000086000000, 0x0000000086000000| Untracked 
|  59|0x0000000086100000, 0x0000000086100000, 0x0000000086200000|  0%| F|  |TAMS 0x0000000086100000, 0x0000000086100000| Untracked 
|  60|0x0000000086200000, 0x0000000086200000, 0x0000000086300000|  0%| F|  |TAMS 0x0000000086200000, 0x0000000086200000| Untracked 
|  61|0x0000000086300000, 0x0000000086300000, 0x0000000086400000|  0%| F|  |TAMS 0x0000000086300000, 0x0000000086300000| Untracked 
|  62|0x0000000086400000, 0x0000000086400000, 0x0000000086500000|  0%| F|  |TAMS 0x0000000086400000, 0x0000000086400000| Untracked 
|  63|0x0000000086500000, 0x0000000086500000, 0x0000000086600000|  0%| F|  |TAMS 0x0000000086500000, 0x0000000086500000| Untracked 
|  64|0x0000000086600000, 0x0000000086600000, 0x0000000086700000|  0%| F|  |TAMS 0x0000000086600000, 0x0000000086600000| Untracked 
|  65|0x0000000086700000, 0x0000000086700000, 0x0000000086800000|  0%| F|  |TAMS 0x0000000086700000, 0x0000000086700000| Untracked 
|  66|0x0000000086800000, 0x0000000086800000, 0x0000000086900000|  0%| F|  |TAMS 0x0000000086800000, 0x0000000086800000| Untracked 
|  67|0x0000000086900000, 0x0000000086900000, 0x0000000086a00000|  0%| F|  |TAMS 0x0000000086900000, 0x0000000086900000| Untracked 
|  68|0x0000000086a00000, 0x0000000086afb7f0, 0x0000000086b00000| 98%| S|CS|TAMS 0x0000000086a00000, 0x0000000086a00000| Complete 
|  69|0x0000000086b00000, 0x0000000086c00000, 0x0000000086c00000|100%| S|CS|TAMS 0x0000000086b00000, 0x0000000086b00000| Complete 
|  70|0x0000000086c00000, 0x0000000086d00000, 0x0000000086d00000|100%| S|CS|TAMS 0x0000000086c00000, 0x0000000086c00000| Complete 
|  71|0x0000000086d00000, 0x0000000086e00000, 0x0000000086e00000|100%| S|CS|TAMS 0x0000000086d00000, 0x0000000086d00000| Complete 
|  72|0x0000000086e00000, 0x0000000086e00000, 0x0000000086f00000|  0%| F|  |TAMS 0x0000000086e00000, 0x0000000086e00000| Untracked 
|  73|0x0000000086f00000, 0x0000000086f00000, 0x0000000087000000|  0%| F|  |TAMS 0x0000000086f00000, 0x0000000086f00000| Untracked 
|  74|0x0000000087000000, 0x0000000087000000, 0x0000000087100000|  0%| F|  |TAMS 0x0000000087000000, 0x0000000087000000| Untracked 
|  75|0x0000000087100000, 0x0000000087100000, 0x0000000087200000|  0%| F|  |TAMS 0x0000000087100000, 0x0000000087100000| Untracked 
|  76|0x0000000087200000, 0x0000000087200000, 0x0000000087300000|  0%| F|  |TAMS 0x0000000087200000, 0x0000000087200000| Untracked 
|  77|0x0000000087300000, 0x0000000087300000, 0x0000000087400000|  0%| F|  |TAMS 0x0000000087300000, 0x0000000087300000| Untracked 
|  78|0x0000000087400000, 0x0000000087400000, 0x0000000087500000|  0%| F|  |TAMS 0x0000000087400000, 0x0000000087400000| Untracked 
|  79|0x0000000087500000, 0x0000000087500000, 0x0000000087600000|  0%| F|  |TAMS 0x0000000087500000, 0x0000000087500000| Untracked 
|  80|0x0000000087600000, 0x0000000087600000, 0x0000000087700000|  0%| F|  |TAMS 0x0000000087600000, 0x0000000087600000| Untracked 
|  81|0x0000000087700000, 0x0000000087700000, 0x0000000087800000|  0%| F|  |TAMS 0x0000000087700000, 0x0000000087700000| Untracked 
|  82|0x0000000087800000, 0x0000000087800000, 0x0000000087900000|  0%| F|  |TAMS 0x0000000087800000, 0x0000000087800000| Untracked 
|  83|0x0000000087900000, 0x0000000087900000, 0x0000000087a00000|  0%| F|  |TAMS 0x0000000087900000, 0x0000000087900000| Untracked 
|  84|0x0000000087a00000, 0x0000000087a00000, 0x0000000087b00000|  0%| F|  |TAMS 0x0000000087a00000, 0x0000000087a00000| Untracked 
|  85|0x0000000087b00000, 0x0000000087b00000, 0x0000000087c00000|  0%| F|  |TAMS 0x0000000087b00000, 0x0000000087b00000| Untracked 
|  86|0x0000000087c00000, 0x0000000087c00000, 0x0000000087d00000|  0%| F|  |TAMS 0x0000000087c00000, 0x0000000087c00000| Untracked 
|  87|0x0000000087d00000, 0x0000000087d80800, 0x0000000087e00000| 50%| E|  |TAMS 0x0000000087d00000, 0x0000000087d00000| Complete 
|  88|0x0000000087e00000, 0x0000000087f00000, 0x0000000087f00000|100%| E|CS|TAMS 0x0000000087e00000, 0x0000000087e00000| Complete 
|  89|0x0000000087f00000, 0x0000000088000000, 0x0000000088000000|100%| E|CS|TAMS 0x0000000087f00000, 0x0000000087f00000| Complete 
|  90|0x0000000088000000, 0x0000000088100000, 0x0000000088100000|100%| E|CS|TAMS 0x0000000088000000, 0x0000000088000000| Complete 
|  91|0x0000000088100000, 0x0000000088200000, 0x0000000088200000|100%| E|CS|TAMS 0x0000000088100000, 0x0000000088100000| Complete 
|  92|0x0000000088200000, 0x0000000088300000, 0x0000000088300000|100%| E|CS|TAMS 0x0000000088200000, 0x0000000088200000| Complete 
|  93|0x0000000088300000, 0x0000000088400000, 0x0000000088400000|100%| E|CS|TAMS 0x0000000088300000, 0x0000000088300000| Complete 
|  94|0x0000000088400000, 0x0000000088500000, 0x0000000088500000|100%| E|CS|TAMS 0x0000000088400000, 0x0000000088400000| Complete 
|  95|0x0000000088500000, 0x0000000088600000, 0x0000000088600000|100%| E|CS|TAMS 0x0000000088500000, 0x0000000088500000| Complete 
|  96|0x0000000088600000, 0x0000000088700000, 0x0000000088700000|100%| E|CS|TAMS 0x0000000088600000, 0x0000000088600000| Complete 
|  97|0x0000000088700000, 0x0000000088800000, 0x0000000088800000|100%| E|CS|TAMS 0x0000000088700000, 0x0000000088700000| Complete 
|  98|0x0000000088800000, 0x0000000088900000, 0x0000000088900000|100%| E|CS|TAMS 0x0000000088800000, 0x0000000088800000| Complete 
|  99|0x0000000088900000, 0x0000000088a00000, 0x0000000088a00000|100%| E|CS|TAMS 0x0000000088900000, 0x0000000088900000| Complete 
| 100|0x0000000088a00000, 0x0000000088b00000, 0x0000000088b00000|100%| E|CS|TAMS 0x0000000088a00000, 0x0000000088a00000| Complete 
| 101|0x0000000088b00000, 0x0000000088c00000, 0x0000000088c00000|100%| E|CS|TAMS 0x0000000088b00000, 0x0000000088b00000| Complete 
| 102|0x0000000088c00000, 0x0000000088d00000, 0x0000000088d00000|100%| E|CS|TAMS 0x0000000088c00000, 0x0000000088c00000| Complete 
| 103|0x0000000088d00000, 0x0000000088e00000, 0x0000000088e00000|100%| E|CS|TAMS 0x0000000088d00000, 0x0000000088d00000| Complete 
| 104|0x0000000088e00000, 0x0000000088f00000, 0x0000000088f00000|100%| E|CS|TAMS 0x0000000088e00000, 0x0000000088e00000| Complete 
| 105|0x0000000088f00000, 0x0000000089000000, 0x0000000089000000|100%| E|CS|TAMS 0x0000000088f00000, 0x0000000088f00000| Complete 
| 106|0x0000000089000000, 0x0000000089100000, 0x0000000089100000|100%| E|CS|TAMS 0x0000000089000000, 0x0000000089000000| Complete 
| 107|0x0000000089100000, 0x0000000089200000, 0x0000000089200000|100%| E|CS|TAMS 0x0000000089100000, 0x0000000089100000| Complete 
| 108|0x0000000089200000, 0x0000000089300000, 0x0000000089300000|100%| E|CS|TAMS 0x0000000089200000, 0x0000000089200000| Complete 
| 109|0x0000000089300000, 0x0000000089400000, 0x0000000089400000|100%| E|CS|TAMS 0x0000000089300000, 0x0000000089300000| Complete 
| 110|0x0000000089400000, 0x0000000089500000, 0x0000000089500000|100%| E|CS|TAMS 0x0000000089400000, 0x0000000089400000| Complete 
| 111|0x0000000089500000, 0x0000000089600000, 0x0000000089600000|100%| E|CS|TAMS 0x0000000089500000, 0x0000000089500000| Complete 
| 112|0x0000000089600000, 0x0000000089700000, 0x0000000089700000|100%| E|CS|TAMS 0x0000000089600000, 0x0000000089600000| Complete 
| 113|0x0000000089700000, 0x0000000089800000, 0x0000000089800000|100%| E|CS|TAMS 0x0000000089700000, 0x0000000089700000| Complete 
| 114|0x0000000089800000, 0x0000000089900000, 0x0000000089900000|100%| E|CS|TAMS 0x0000000089800000, 0x0000000089800000| Complete 
| 115|0x0000000089900000, 0x0000000089a00000, 0x0000000089a00000|100%| E|CS|TAMS 0x0000000089900000, 0x0000000089900000| Complete 
| 116|0x0000000089a00000, 0x0000000089b00000, 0x0000000089b00000|100%| E|CS|TAMS 0x0000000089a00000, 0x0000000089a00000| Complete 
| 117|0x0000000089b00000, 0x0000000089c00000, 0x0000000089c00000|100%| E|CS|TAMS 0x0000000089b00000, 0x0000000089b00000| Complete 
| 118|0x0000000089c00000, 0x0000000089d00000, 0x0000000089d00000|100%| E|CS|TAMS 0x0000000089c00000, 0x0000000089c00000| Complete 
| 119|0x0000000089d00000, 0x0000000089e00000, 0x0000000089e00000|100%| E|CS|TAMS 0x0000000089d00000, 0x0000000089d00000| Complete 
| 120|0x0000000089e00000, 0x0000000089f00000, 0x0000000089f00000|100%| E|CS|TAMS 0x0000000089e00000, 0x0000000089e00000| Complete 
| 121|0x0000000089f00000, 0x000000008a000000, 0x000000008a000000|100%| E|CS|TAMS 0x0000000089f00000, 0x0000000089f00000| Complete 
| 122|0x000000008a000000, 0x000000008a100000, 0x000000008a100000|100%| E|CS|TAMS 0x000000008a000000, 0x000000008a000000| Complete 
| 123|0x000000008a100000, 0x000000008a200000, 0x000000008a200000|100%| E|CS|TAMS 0x000000008a100000, 0x000000008a100000| Complete 
| 124|0x000000008a200000, 0x000000008a300000, 0x000000008a300000|100%| E|CS|TAMS 0x000000008a200000, 0x000000008a200000| Complete 
| 125|0x000000008a300000, 0x000000008a400000, 0x000000008a400000|100%| E|CS|TAMS 0x000000008a300000, 0x000000008a300000| Complete 

Card table byte_map: [0x000001bb6c630000,0x000001bb6ca20000] _byte_map_base: 0x000001bb6c21d000

Marking Bits (Prev, Next): (CMBitMap*) 0x000001bb52bf49d0, (CMBitMap*) 0x000001bb52bf4998
 Prev Bits: [0x000001bb6ed80000, 0x000001bb70ce8000)
 Next Bits: [0x000001bb6ce10000, 0x000001bb6ed78000)

Polling page: 0x000001bb52c80000

Metaspace:

Usage:
  Non-class:     28.38 MB capacity,    27.87 MB ( 98%) used,   418.34 KB (  1%) free+waste,   109.94 KB ( <1%) overhead. 
      Class:      4.09 MB capacity,     3.68 MB ( 90%) used,   363.02 KB (  9%) free+waste,    52.81 KB (  1%) overhead. 
       Both:     32.47 MB capacity,    31.55 MB ( 97%) used,   781.37 KB (  2%) free+waste,   162.75 KB ( <1%) overhead. 

Virtual space:
  Non-class space:       30.00 MB reserved,      28.50 MB ( 95%) committed 
      Class space:        1.00 GB reserved,       4.13 MB ( <1%) committed 
             Both:        1.03 GB reserved,      32.63 MB (  3%) committed 

Chunk freelists:
   Non-Class:  6.88 KB
       Class:  896 bytes
        Both:  7.75 KB

CodeHeap 'non-profiled nmethods': size=120000Kb used=1351Kb max_used=1351Kb free=118649Kb
 bounds [0x000001bb642a0000, 0x000001bb64510000, 0x000001bb6b7d0000]
CodeHeap 'profiled nmethods': size=120000Kb used=7384Kb max_used=7384Kb free=112615Kb
 bounds [0x000001bb5cd70000, 0x000001bb5d4b0000, 0x000001bb642a0000]
CodeHeap 'non-nmethods': size=5760Kb used=1131Kb max_used=1164Kb free=4628Kb
 bounds [0x000001bb5c7d0000, 0x000001bb5ca40000, 0x000001bb5cd70000]
 total_blobs=3637 nmethods=3185 adapters=363
 compilation: enabled
              stopped_count=0, restarted_count=0
 full_count=0

Compilation events (10 events):
Event: 4.229 Thread 0x000001bb740f4800 3192       3       java.util.ImmutableCollections$List12::size (13 bytes)
Event: 4.230 Thread 0x000001bb740f4800 nmethod 3192 0x000001bb5d4a3b10 code [0x000001bb5d4a3cc0, 0x000001bb5d4a3e98]
Event: 4.253 Thread 0x000001bb740f4800 3194       3       java.util.Objects::hash (5 bytes)
Event: 4.253 Thread 0x000001bb740f4800 nmethod 3194 0x000001bb5d4a3f10 code [0x000001bb5d4a40c0, 0x000001bb5d4a4230]
Event: 4.256 Thread 0x000001bb740f4800 3196       3       java.lang.invoke.LambdaForm::methodType (48 bytes)
Event: 4.256 Thread 0x000001bb740f4800 nmethod 3196 0x000001bb5d4a4310 code [0x000001bb5d4a4500, 0x000001bb5d4a4b20]
Event: 4.265 Thread 0x000001bb740f4800 3197       3       java.lang.Integer::reverseBytes (26 bytes)
Event: 4.265 Thread 0x000001bb740f4800 nmethod 3197 0x000001bb5d4a4d90 code [0x000001bb5d4a4f20, 0x000001bb5d4a5098]
Event: 4.267 Thread 0x000001bb740f4800 3199       3       sun.security.provider.SHA::implCompress0 (482 bytes)
Event: 4.268 Thread 0x000001bb740f4800 nmethod 3199 0x000001bb5d4a5110 code [0x000001bb5d4a5320, 0x000001bb5d4a5c38]

GC Heap History (8 events):
Event: 1.000 GC heap before
{Heap before GC invocations=0 (full 0):
 garbage-first heap   total 129024K, used 24576K [0x0000000082600000, 0x0000000100000000)
  region size 1024K, 24 young (24576K), 0 survivors (0K)
 Metaspace       used 11903K, capacity 12202K, committed 12416K, reserved 1060864K
  class space    used 1175K, capacity 1283K, committed 1408K, reserved 1048576K
}
Event: 1.006 GC heap after
{Heap after GC invocations=1 (full 0):
 garbage-first heap   total 129024K, used 6841K [0x0000000082600000, 0x0000000100000000)
  region size 1024K, 3 young (3072K), 3 survivors (3072K)
 Metaspace       used 11903K, capacity 12202K, committed 12416K, reserved 1060864K
  class space    used 1175K, capacity 1283K, committed 1408K, reserved 1048576K
}
Event: 1.826 GC heap before
{Heap before GC invocations=1 (full 0):
 garbage-first heap   total 129024K, used 43705K [0x0000000082600000, 0x0000000100000000)
  region size 1024K, 41 young (41984K), 3 survivors (3072K)
 Metaspace       used 20631K, capacity 21122K, committed 21248K, reserved 1069056K
  class space    used 2227K, capacity 2437K, committed 2560K, reserved 1048576K
}
Event: 1.833 GC heap after
{Heap after GC invocations=2 (full 0):
 garbage-first heap   total 129024K, used 8840K [0x0000000082600000, 0x0000000100000000)
  region size 1024K, 5 young (5120K), 5 survivors (5120K)
 Metaspace       used 20631K, capacity 21122K, committed 21248K, reserved 1069056K
  class space    used 2227K, capacity 2437K, committed 2560K, reserved 1048576K
}
Event: 2.189 GC heap before
{Heap before GC invocations=3 (full 0):
 garbage-first heap   total 129024K, used 41608K [0x0000000082600000, 0x0000000100000000)
  region size 1024K, 38 young (38912K), 5 survivors (5120K)
 Metaspace       used 24028K, capacity 24619K, committed 24704K, reserved 1071104K
  class space    used 2701K, capacity 2926K, committed 2944K, reserved 1048576K
}
Event: 2.198 GC heap after
{Heap after GC invocations=4 (full 0):
 garbage-first heap   total 129024K, used 9844K [0x0000000082600000, 0x0000000100000000)
  region size 1024K, 3 young (3072K), 3 survivors (3072K)
 Metaspace       used 24028K, capacity 24619K, committed 24704K, reserved 1071104K
  class space    used 2701K, capacity 2926K, committed 2944K, reserved 1048576K
}
Event: 3.019 GC heap before
{Heap before GC invocations=4 (full 0):
 garbage-first heap   total 129024K, used 61044K [0x0000000082600000, 0x0000000100000000)
  region size 1024K, 54 young (55296K), 3 survivors (3072K)
 Metaspace       used 26471K, capacity 27170K, committed 27392K, reserved 1073152K
  class space    used 2967K, capacity 3237K, committed 3328K, reserved 1048576K
}
Event: 3.028 GC heap after
{Heap after GC invocations=5 (full 0):
 garbage-first heap   total 129024K, used 10850K [0x0000000082600000, 0x0000000100000000)
  region size 1024K, 4 young (4096K), 4 survivors (4096K)
 Metaspace       used 26471K, capacity 27170K, committed 27392K, reserved 1073152K
  class space    used 2967K, capacity 3237K, committed 3328K, reserved 1048576K
}

Deoptimization events (10 events):
Event: 3.894 Thread 0x000001bb52bb6800 Uncommon trap: reason=unstable_if action=reinterpret pc=0x000001bb64359558 method=java.util.Properties$LineReader.readLine()I @ 117 c2
Event: 3.896 Thread 0x000001bb52bb6800 Uncommon trap: reason=unstable_if action=reinterpret pc=0x000001bb643449c4 method=java.nio.Buffer.position(I)Ljava/nio/Buffer; @ 45 c2
Event: 3.899 Thread 0x000001bb52bb6800 Uncommon trap: reason=unstable_if action=reinterpret pc=0x000001bb64322940 method=java.nio.Buffer.position(I)Ljava/nio/Buffer; @ 45 c2
Event: 3.902 Thread 0x000001bb52bb6800 Uncommon trap: reason=unstable_if action=reinterpret pc=0x000001bb64301c84 method=sun.net.www.ParseUtil.firstEncodeIndex(Ljava/lang/String;)I @ 51 c2
Event: 3.988 Thread 0x000001bb52bb6800 Uncommon trap: reason=class_check action=maybe_recompile pc=0x000001bb64378014 method=java.util.concurrent.ConcurrentHashMap.putVal(Ljava/lang/Object;Ljava/lang/Object;Z)Ljava/lang/Object; @ 242 c2
Event: 4.015 Thread 0x000001bb52bb6800 Uncommon trap: reason=class_check action=maybe_recompile pc=0x000001bb64378014 method=java.util.concurrent.ConcurrentHashMap.putVal(Ljava/lang/Object;Ljava/lang/Object;Z)Ljava/lang/Object; @ 242 c2
Event: 4.034 Thread 0x000001bb52bb6800 Uncommon trap: reason=class_check action=maybe_recompile pc=0x000001bb64378014 method=java.util.concurrent.ConcurrentHashMap.putVal(Ljava/lang/Object;Ljava/lang/Object;Z)Ljava/lang/Object; @ 242 c2
Event: 4.037 Thread 0x000001bb52bb6800 Uncommon trap: reason=class_check action=maybe_recompile pc=0x000001bb64378014 method=java.util.concurrent.ConcurrentHashMap.putVal(Ljava/lang/Object;Ljava/lang/Object;Z)Ljava/lang/Object; @ 242 c2
Event: 4.215 Thread 0x000001bb52bb6800 Uncommon trap: reason=unstable_if action=reinterpret pc=0x000001bb64347b1c method=java.util.LinkedHashMap.get(Ljava/lang/Object;)Ljava/lang/Object; @ 20 c2
Event: 4.227 Thread 0x000001bb52bb6800 Uncommon trap: reason=unstable_if action=reinterpret pc=0x000001bb64361f24 method=java.util.Properties.loadConvert([CIILjava/lang/StringBuilder;)Ljava/lang/String; @ 26 c2

Classes redefined (0 events):
No events

Internal exceptions (10 events):
Event: 3.732 Thread 0x000001bb52bb6800 Exception <a 'java/lang/ClassNotFoundException'{0x0000000088a56f88}: org/springframework/transaction/annotation/ProxyTransactionManagementConfigurationCustomizer> (0x0000000088a56f88) thrown at [./open/src/hotspot/share/classfile/systemDictionary.cpp, lin
Event: 3.733 Thread 0x000001bb52bb6800 Exception <a 'java/lang/ClassNotFoundException'{0x0000000088a68cf8}: org/springframework/context/annotation/ImportAwareCustomizer> (0x0000000088a68cf8) thrown at [./open/src/hotspot/share/classfile/systemDictionary.cpp, line 228]
Event: 3.734 Thread 0x000001bb52bb6800 Exception <a 'java/lang/ClassNotFoundException'{0x0000000088a76100}: org/springframework/beans/factory/AwareCustomizer> (0x0000000088a76100) thrown at [./open/src/hotspot/share/classfile/systemDictionary.cpp, line 228]
Event: 3.820 Thread 0x000001bb52bb6800 Exception <a 'java/lang/NoSuchMethodError'{0x00000000888f7698}: java.lang.invoke.DirectMethodHandle$Holder.invokeSpecialIFC(Ljava/lang/Object;Ljava/lang/Object;Ljava/lang/Object;)Ljava/lang/Object;> (0x00000000888f7698) thrown at [./open/src/hotspot/share
Event: 3.957 Thread 0x000001bb52bb6800 Exception <a 'java/lang/NoSuchMethodError'{0x00000000886cee18}: java.lang.invoke.DirectMethodHandle$Holder.invokeSpecial(Ljava/lang/Object;Ljava/lang/Object;Ljava/lang/Object;Ljava/lang/Object;Ljava/lang/Object;)I> (0x00000000886cee18) thrown at [./open/s
Event: 4.071 Thread 0x000001bb52bb6800 Exception <a 'java/lang/NoSuchMethodError'{0x00000000883f72f8}: java.lang.invoke.DirectMethodHandle$Holder.invokeInterface(Ljava/lang/Object;Ljava/lang/Object;I)V> (0x00000000883f72f8) thrown at [./open/src/hotspot/share/interpreter/linkResolver.cpp, line
Event: 4.074 Thread 0x000001bb52bb6800 Exception <a 'java/lang/NoSuchMethodError'{0x000000008820f908}: java.lang.invoke.DirectMethodHandle$Holder.invokeVirtual(Ljava/lang/Object;Ljava/lang/Object;)I> (0x000000008820f908) thrown at [./open/src/hotspot/share/interpreter/linkResolver.cpp, line 77
Event: 4.080 Thread 0x000001bb52bb6800 Exception <a 'java/lang/IncompatibleClassChangeError'{0x0000000088245b58}: Found class java.lang.Object, but interface was expected> (0x0000000088245b58) thrown at [./open/src/hotspot/share/interpreter/linkResolver.cpp, line 838]
Event: 4.081 Thread 0x000001bb52bb6800 Exception <a 'java/lang/NoSuchMethodError'{0x000000008824aa98}: java.lang.invoke.DirectMethodHandle$Holder.invokeStatic(Ljava/lang/Object;ILjava/lang/Object;)V> (0x000000008824aa98) thrown at [./open/src/hotspot/share/interpreter/linkResolver.cpp, line 77
Event: 4.256 Thread 0x000001bb52bb6800 Exception <a 'java/lang/NoSuchMethodError'{0x0000000087d256d0}: java.lang.invoke.DirectMethodHandle$Holder.invokeStaticInit(Ljava/lang/Object;IIII)Ljava/lang/Object;> (0x0000000087d256d0) thrown at [./open/src/hotspot/share/interpreter/linkResolver.cpp, l

Events (10 events):
Event: 4.264 loading class sun/security/provider/SeedGenerator$1
Event: 4.264 loading class sun/security/provider/SeedGenerator$1 done
Event: 4.264 loading class sun/security/provider/ByteArrayAccess
Event: 4.265 loading class sun/security/provider/ByteArrayAccess done
Event: 4.268 loading class java/net/NetworkInterface$1
Event: 4.268 loading class java/net/NetworkInterface$1 done
Event: 4.269 loading class java/net/InterfaceAddress
Event: 4.269 loading class java/net/InterfaceAddress done
Event: 4.269 loading class java/net/DefaultInterface
Event: 4.269 loading class java/net/DefaultInterface done


Dynamic libraries:
0x00007ff6d2360000 - 0x00007ff6d236f000 	C:\openJDK\bin\java.exe
0x00007ffe97180000 - 0x00007ffe97370000 	C:\WINDOWS\SYSTEM32\ntdll.dll
0x00007ffe95370000 - 0x00007ffe95422000 	C:\WINDOWS\System32\KERNEL32.DLL
0x00007ffe94120000 - 0x00007ffe943c5000 	C:\WINDOWS\System32\KERNELBASE.dll
0x00007ffe946e0000 - 0x00007ffe947da000 	C:\WINDOWS\System32\ucrtbase.dll
0x00007ffe8d100000 - 0x00007ffe8d118000 	C:\openJDK\bin\jli.dll
0x00007ffe8d4c0000 - 0x00007ffe8d4d5000 	C:\openJDK\bin\VCRUNTIME140.dll
0x00007ffe95ef0000 - 0x00007ffe95f93000 	C:\WINDOWS\System32\ADVAPI32.dll
0x00007ffe96be0000 - 0x00007ffe96c7e000 	C:\WINDOWS\System32\msvcrt.dll
0x00007ffe96990000 - 0x00007ffe96a27000 	C:\WINDOWS\System32\sechost.dll
0x00007ffe95930000 - 0x00007ffe95a4f000 	C:\WINDOWS\System32\RPCRT4.dll
0x00007ffe96690000 - 0x00007ffe96824000 	C:\WINDOWS\System32\USER32.dll
0x00007ffe944c0000 - 0x00007ffe944e1000 	C:\WINDOWS\System32\win32u.dll
0x00007ffe95440000 - 0x00007ffe95466000 	C:\WINDOWS\System32\GDI32.dll
0x00007ffe947e0000 - 0x00007ffe94978000 	C:\WINDOWS\System32\gdi32full.dll
0x00007ffe944f0000 - 0x00007ffe9458e000 	C:\WINDOWS\System32\msvcp_win.dll
0x00007ffe72570000 - 0x00007ffe727f4000 	C:\WINDOWS\WinSxS\amd64_microsoft.windows.common-controls_6595b64144ccf1df_6.0.18362.1316_none_9e7a364fe461dbd7\COMCTL32.dll
0x00007ffe96d90000 - 0x00007ffe970c7000 	C:\WINDOWS\System32\combase.dll
0x00007ffe943d0000 - 0x00007ffe94451000 	C:\WINDOWS\System32\bcryptPrimitives.dll
0x00007ffe7e2a0000 - 0x00007ffe7e2aa000 	C:\WINDOWS\SYSTEM32\VERSION.dll
0x00007ffe95ec0000 - 0x00007ffe95eee000 	C:\WINDOWS\System32\IMM32.DLL
0x00007ffe86200000 - 0x00007ffe8629b000 	C:\openJDK\bin\msvcp140.dll
0x00007ffe567f0000 - 0x00007ffe572d6000 	C:\openJDK\bin\server\jvm.dll
0x00007ffe95430000 - 0x00007ffe95438000 	C:\WINDOWS\System32\PSAPI.DLL
0x00007ffe80560000 - 0x00007ffe80569000 	C:\WINDOWS\SYSTEM32\WSOCK32.dll
0x00007ffe8e4e0000 - 0x00007ffe8e504000 	C:\WINDOWS\SYSTEM32\WINMM.dll
0x00007ffe970d0000 - 0x00007ffe9713f000 	C:\WINDOWS\System32\WS2_32.dll
0x00007ffe8e4b0000 - 0x00007ffe8e4dd000 	C:\WINDOWS\SYSTEM32\winmmbase.dll
0x00007ffe94980000 - 0x00007ffe949ca000 	C:\WINDOWS\System32\cfgmgr32.dll
0x00007ffe94060000 - 0x00007ffe94071000 	C:\WINDOWS\System32\kernel.appcore.dll
0x00007ffe8e9c0000 - 0x00007ffe8e9d0000 	C:\openJDK\bin\verify.dll
0x00007ffe92920000 - 0x00007ffe92b14000 	C:\WINDOWS\SYSTEM32\DBGHELP.DLL
0x00007ffe72810000 - 0x00007ffe7283a000 	C:\WINDOWS\SYSTEM32\dbgcore.DLL
0x00007ffe8d080000 - 0x00007ffe8d0a8000 	C:\openJDK\bin\java.dll
0x00007ffe8e9a0000 - 0x00007ffe8e9aa000 	C:\openJDK\bin\jimage.dll
0x00007ffe8e960000 - 0x00007ffe8e96e000 	C:\openJDK\bin\instrument.dll
0x00007ffe8d020000 - 0x00007ffe8d036000 	C:\openJDK\bin\zip.dll
0x00007ffe95fa0000 - 0x00007ffe96688000 	C:\WINDOWS\System32\SHELL32.dll
0x00007ffe96c80000 - 0x00007ffe96d27000 	C:\WINDOWS\System32\shcore.dll
0x00007ffe94ab0000 - 0x00007ffe9522b000 	C:\WINDOWS\System32\windows.storage.dll
0x00007ffe940d0000 - 0x00007ffe940f3000 	C:\WINDOWS\System32\profapi.dll
0x00007ffe94080000 - 0x00007ffe940ca000 	C:\WINDOWS\System32\powrprof.dll
0x00007ffe94030000 - 0x00007ffe94040000 	C:\WINDOWS\System32\UMPDC.dll
0x00007ffe95490000 - 0x00007ffe954e2000 	C:\WINDOWS\System32\shlwapi.dll
0x00007ffe94100000 - 0x00007ffe94117000 	C:\WINDOWS\System32\cryptsp.dll
0x00007ffe8d000000 - 0x00007ffe8d019000 	C:\openJDK\bin\net.dll
0x00007ffe82f50000 - 0x00007ffe83040000 	C:\WINDOWS\SYSTEM32\WINHTTP.dll
0x00007ffe93810000 - 0x00007ffe93877000 	C:\WINDOWS\system32\mswsock.dll
0x00007ffe8ab10000 - 0x00007ffe8ab22000 	C:\openJDK\bin\nio.dll
0x00007ffe8aa10000 - 0x00007ffe8aa2a000 	C:\Program Files\JetBrains\IntelliJ IDEA Community Edition 2020.3.1\bin\breakgen64.dll
0x00007ffe8d4b0000 - 0x00007ffe8d4b9000 	C:\openJDK\bin\management.dll
0x00007ffe8d070000 - 0x00007ffe8d07b000 	C:\openJDK\bin\management_ext.dll
0x00007ffe728d0000 - 0x00007ffe728e6000 	C:\WINDOWS\system32\napinsp.dll
0x00007ffe728b0000 - 0x00007ffe728ca000 	C:\WINDOWS\system32\pnrpnsp.dll
0x00007ffe8cfe0000 - 0x00007ffe8cffc000 	C:\WINDOWS\system32\NLAapi.dll
0x00007ffe93520000 - 0x00007ffe9355a000 	C:\WINDOWS\SYSTEM32\IPHLPAPI.DLL
0x00007ffe93560000 - 0x00007ffe9362b000 	C:\WINDOWS\SYSTEM32\DNSAPI.dll
0x00007ffe952b0000 - 0x00007ffe952b8000 	C:\WINDOWS\System32\NSI.dll
0x00007ffe72800000 - 0x00007ffe7280e000 	C:\WINDOWS\System32\winrnr.dll
0x0000000062250000 - 0x0000000062276000 	C:\Program Files\Bonjour\mdnsNSP.dll
0x00007ffe8bb90000 - 0x00007ffe8bba5000 	C:\WINDOWS\system32\wshbth.dll
0x00007ffe89260000 - 0x00007ffe8926a000 	C:\Windows\System32\rasadhlp.dll
0x00007ffe83a50000 - 0x00007ffe83ac7000 	C:\WINDOWS\System32\fwpuclnt.dll
0x00007ffe94a80000 - 0x00007ffe94aa6000 	C:\WINDOWS\System32\bcrypt.dll
0x00007ffe93390000 - 0x00007ffe933c3000 	C:\WINDOWS\system32\rsaenh.dll
0x00007ffe93f50000 - 0x00007ffe93f75000 	C:\WINDOWS\SYSTEM32\USERENV.dll
0x00007ffe939e0000 - 0x00007ffe939ec000 	C:\WINDOWS\SYSTEM32\CRYPTBASE.dll
0x00007ffe85f70000 - 0x00007ffe85f86000 	C:\WINDOWS\SYSTEM32\dhcpcsvc6.DLL
0x00007ffe875c0000 - 0x00007ffe875dc000 	C:\WINDOWS\SYSTEM32\dhcpcsvc.DLL

dbghelp: loaded successfully - version: 4.0.5 - missing functions: none
symbol engine: initialized successfully - sym options: 0x614 - pdb path: .;C:\openJDK\bin;C:\WINDOWS\SYSTEM32;C:\WINDOWS\WinSxS\amd64_microsoft.windows.common-controls_6595b64144ccf1df_6.0.18362.1316_none_9e7a364fe461dbd7;C:\openJDK\bin\server;C:\Program Files\JetBrains\IntelliJ IDEA Community Edition 2020.3.1\bin;C:\Program Files\Bonjour

VM Arguments:
jvm_args: -javaagent:C:\Program Files\JetBrains\IntelliJ IDEA Community Edition 2020.3.1\lib\idea_rt.jar=63711:C:\Program Files\JetBrains\IntelliJ IDEA Community Edition 2020.3.1\bin -Dfile.encoding=UTF-8 
java_command: study.store.StorePJ.StorePjApplication
java_class_path (initial): C:\SProject\StorePJ\StorePJ\StorePJ\target\classes;C:\Users\fjksr\.m2\repository\org\springframework\boot\spring-boot-starter-data-jpa\2.4.2\spring-boot-starter-data-jpa-2.4.2.jar;C:\Users\fjksr\.m2\repository\org\springframework\boot\spring-boot-starter-aop\2.4.2\spring-boot-starter-aop-2.4.2.jar;C:\Users\fjksr\.m2\repository\org\springframework\spring-aop\5.3.3\spring-aop-5.3.3.jar;C:\Users\fjksr\.m2\repository\org\aspectj\aspectjweaver\1.9.6\aspectjweaver-1.9.6.jar;C:\Users\fjksr\.m2\repository\org\springframework\boot\spring-boot-starter-jdbc\2.4.2\spring-boot-starter-jdbc-2.4.2.jar;C:\Users\fjksr\.m2\repository\com\zaxxer\HikariCP\3.4.5\HikariCP-3.4.5.jar;C:\Users\fjksr\.m2\repository\org\springframework\spring-jdbc\5.3.3\spring-jdbc-5.3.3.jar;C:\Users\fjksr\.m2\repository\jakarta\transaction\jakarta.transaction-api\1.3.3\jakarta.transaction-api-1.3.3.jar;C:\Users\fjksr\.m2\repository\jakarta\persistence\jakarta.persistence-api\2.2.3\jakarta.persistence-api-2.2.3.jar;C:\Users\fjksr\.m2\repository\org\hibernate\hibernate-core\5.4.27.Final\hibernate-core-5.4.27.Final.jar;C:\Users\fjksr\.m2\repository\org\jboss\logging\jboss-logging\3.4.1.Final\jboss-logging-3.4.1.Final.jar;C:\Users\fjksr\.m2\repository\org\javassist\javassist\3.27.0-GA\javassist-3.27.0-GA.jar;C:\Users\fjksr\.m2\repository\net\bytebuddy\byte-buddy\1.10.19\byte-buddy-1.10.19.jar;C:\Users\fjksr\.m2\repository\antlr\antlr\2.7.7\antlr-2.7.7.jar;C:\Users\fjksr\.m2\repository\org\jboss\jandex\2.1.3.Final\jandex-2.1.3.Final.jar;C:\Users\fjksr\.m2\repository\com\fasterxml\classmate\1.5.1\classmate-1.5.1.jar;C:\Users\fjksr\.m2\repository\org\dom4j\dom4j\2.1.3\dom4j-2.1.3.jar;C:\Users\fjksr\.m2\repository\org\hibernate\common\hibernate-commons-annotations\5.1.2.Final\hibernate-commons-annotations-5.1.2.Final.jar;C:\Users\fjksr\.m2\repository\org\glassfish\jaxb\jaxb-runtime\2.3.3\jaxb-runtime-2.3.3.jar;C:\Users\fjksr\.m2\repository\org\glassfish\jaxb\txw2\2.3.3\txw2-2.3.3.jar;C:\
Launcher Type: SUN_STANDARD

[Global flags]
     intx CICompilerCount                          = 4                                         {product} {ergonomic}
     uint ConcGCThreads                            = 2                                         {product} {ergonomic}
     uint G1ConcRefinementThreads                  = 8                                         {product} {ergonomic}
   size_t G1HeapRegionSize                         = 1048576                                   {product} {ergonomic}
    uintx GCDrainStackTargetSize                   = 64                                        {product} {ergonomic}
   size_t InitialHeapSize                          = 132120576                                 {product} {ergonomic}
   size_t MarkStackSize                            = 4194304                                   {product} {ergonomic}
   size_t MaxHeapSize                              = 2107637760                                {product} {ergonomic}
   size_t MaxNewSize                               = 1264582656                                {product} {ergonomic}
   size_t MinHeapDeltaBytes                        = 1048576                                   {product} {ergonomic}
    uintx NonNMethodCodeHeapSize                   = 5836300                                {pd product} {ergonomic}
    uintx NonProfiledCodeHeapSize                  = 122910970                              {pd product} {ergonomic}
    uintx ProfiledCodeHeapSize                     = 122910970                              {pd product} {ergonomic}
    uintx ReservedCodeCacheSize                    = 251658240                              {pd product} {ergonomic}
     bool SegmentedCodeCache                       = true                                      {product} {ergonomic}
     bool UseCompressedClassPointers               = true                                 {lp64_product} {ergonomic}
     bool UseCompressedOops                        = true                                 {lp64_product} {ergonomic}
     bool UseG1GC                                  = true                                      {product} {ergonomic}
     bool UseLargePagesIndividualAllocation        = false                                  {pd product} {ergonomic}

Logging:
Log output configuration:
 #0: stdout all=warning uptime,level,tags
 #1: stderr all=off uptime,level,tags

Environment Variables:
JAVA_HOME=C:\openJDK
CLASSPATH=C:\openJDK\lib
PATH=C:\Program Files\Common Files\Oracle\Java\javapath;C:\app\fjksr\product\18.0.0\dbhomeXE\bin;C:\openJDK\bin;C:\WINDOWS\system32;C:\WINDOWS;C:\WINDOWS\System32\Wbem;C:\WINDOWS\System32\WindowsPowerShell\v1.0\;C:\WINDOWS\System32\OpenSSH\;C:\Program Files (x86)\Intel\Intel(R) Management Engine Components\DAL;C:\Program Files\Intel\Intel(R) Management Engine Components\DAL;C:\Program Files (x86)\Intel\Intel(R) Management Engine Components\IPT;C:\Program Files\Intel\Intel(R) Management Engine Components\IPT;C:\Program Files\Intel\WiFi\bin\;C:\Program Files\Common Files\Intel\WirelessCommon\;C:\Java\DownloadFile\apache-maven-3.6.3-bin\apache-maven-3.6.3\bin;C:\Program Files\Git\cmd;C:\Program Files\nodejs\;C:\Program Files (x86)\Yarn\bin\;C:\Python39\Scripts\;C:\Python39\;C:\Users\fjksr\AppData\Local\Microsoft\WindowsApps;;C:\Microsoft VS Code\bin;C:\Users\fjksr\AppData\Roaming\npm;C:\Users\fjksr\AppData\Local\Yarn\bin;C:\Program Files\JetBrains\IntelliJ IDEA Community Edition 2020.3.1\bin;
USERNAME=fjksr
OS=Windows_NT
PROCESSOR_IDENTIFIER=Intel64 Family 6 Model 142 Stepping 10, GenuineIntel



---------------  S Y S T E M  ---------------

OS: Windows 10 , 64 bit Build 18362 (10.0.18362.1316)

CPU:total 8 (initial active 8) (4 cores per cpu, 2 threads per core) family 6 model 142 stepping 10, cmov, cx8, fxsr, mmx, sse, sse2, sse3, ssse3, sse4.1, sse4.2, popcnt, avx, avx2, aes, clmul, erms, 3dnowpref, lzcnt, ht, tsc, tscinvbit, bmi1, bmi2, adx, fma

Memory: 4k page, system-wide physical 8033M (349M free)
TotalPageFile size 9933M (AvailPageFile size 7M)
current process WorkingSet (physical memory assigned to process): 187M, peak: 187M
current process commit charge ("private bytes"): 290M, peak: 292M

vm_info: Java HotSpot(TM) 64-Bit Server VM (11.0.8+10-LTS) for windows-amd64 JRE (11.0.8+10-LTS), built on Jun 16 2020 05:53:08 by "mach5one" with unknown MS VC++:1916

END.
